<?xml version="1.0" encoding="UTF-8"?>
<!-- Generated by org.testng.reporters.JUnitReportReporter -->
<testsuite hostname="Optiplex" failures="0" tests="5" name="login.Signin" time="4.726" errors="0" timestamp="22 Jul 2023 13:32:08 GMT" skipped="0">
  <testcase classname="login.Signin" name="OpenUrl" time="4.096"/>
  <testcase classname="login.Signin" name="registerpage" time="0.356"/>
  <testcase classname="login.Signin" name="title" time="0.010"/>
  <testcase classname="login.Signin" name="topics" time="0.011"/>
  <testcase classname="login.Signin" name="appclose" time="0.253"/>
</testsuite> <!-- login.Signin -->
